[INFO ] 2019-07-19 00:39:56.516 [restartedMain] Application - Starting Application on DESKTOP-LFV37HU with PID 7164 (D:\JAVA\MailSender\target\classes started by lezgy in D:\JAVA\MailSender)
[DEBUG] 2019-07-19 00:39:56.516 [restartedMain] Application - Running with Spring Boot v2.1.6.RELEASE, Spring v5.1.8.RELEASE
[INFO ] 2019-07-19 00:39:56.517 [restartedMain] Application - No active profile set, falling back to default profiles: default
[INFO ] 2019-07-19 00:39:58.968 [restartedMain] Application - Started Application in 2.69 seconds (JVM running for 3.436)
[INFO ] 2019-07-19 00:40:05.976 [scheduling-1] CSVParserImpl - 2019
[INFO ] 2019-07-19 00:40:05.976 [scheduling-1] CSVParserImpl - 7
[INFO ] 2019-07-19 00:40:05.978 [scheduling-1] SendEmailSchedule - [6, 7, 13, 14, 20, 21, 27, 28]
[INFO ] 2019-07-19 00:40:05.979 [scheduling-1] SendEmailSchedule - 19
[INFO ] 2019-07-19 01:30:46.721 [restartedMain] Application - Starting Application on DESKTOP-LFV37HU with PID 10700 (D:\JAVA\MailSender\target\classes started by lezgy in D:\JAVA\MailSender)
[DEBUG] 2019-07-19 01:30:46.721 [restartedMain] Application - Running with Spring Boot v2.1.6.RELEASE, Spring v5.1.8.RELEASE
[INFO ] 2019-07-19 01:30:46.721 [restartedMain] Application - No active profile set, falling back to default profiles: default
[INFO ] 2019-07-19 01:30:49.146 [restartedMain] Application - Started Application in 2.653 seconds (JVM running for 3.4)
[INFO ] 2019-07-19 02:53:22.729 [main] TestController - Starting TestController on DESKTOP-LFV37HU with PID 12032 (started by lezgy in D:\JAVA\MailSender)
[DEBUG] 2019-07-19 02:53:22.730 [main] TestController - Running with Spring Boot v2.1.6.RELEASE, Spring v5.1.8.RELEASE
[INFO ] 2019-07-19 02:53:22.731 [main] TestController - No active profile set, falling back to default profiles: default
[INFO ] 2019-07-19 03:17:03.776 [main] TestController - Starting TestController on DESKTOP-LFV37HU with PID 10700 (started by lezgy in D:\JAVA\MailSender)
[DEBUG] 2019-07-19 03:17:03.777 [main] TestController - Running with Spring Boot v2.1.6.RELEASE, Spring v5.1.8.RELEASE
[INFO ] 2019-07-19 03:17:03.778 [main] TestController - No active profile set, falling back to default profiles: default
[INFO ] 2019-07-19 03:18:46.919 [main] TestController - Starting TestController on DESKTOP-LFV37HU with PID 10724 (started by lezgy in D:\JAVA\MailSender)
[DEBUG] 2019-07-19 03:18:46.919 [main] TestController - Running with Spring Boot v2.1.6.RELEASE, Spring v5.1.8.RELEASE
[INFO ] 2019-07-19 03:18:46.921 [main] TestController - No active profile set, falling back to default profiles: default
[INFO ] 2019-07-19 03:20:38.236 [main] TestController - Starting TestController on DESKTOP-LFV37HU with PID 1000 (started by lezgy in D:\JAVA\MailSender)
[DEBUG] 2019-07-19 03:20:38.236 [main] TestController - Running with Spring Boot v2.1.6.RELEASE, Spring v5.1.8.RELEASE
[INFO ] 2019-07-19 03:20:38.238 [main] TestController - No active profile set, falling back to default profiles: default
[INFO ] 2019-07-19 03:32:46.479 [main] TestController - Starting TestController on DESKTOP-LFV37HU with PID 10700 (started by lezgy in D:\JAVA\MailSender)
[DEBUG] 2019-07-19 03:32:46.479 [main] TestController - Running with Spring Boot v2.1.6.RELEASE, Spring v5.1.8.RELEASE
[INFO ] 2019-07-19 03:32:46.480 [main] TestController - No active profile set, falling back to default profiles: default
[INFO ] 2019-07-19 03:33:33.623 [main] TestController - Starting TestController on DESKTOP-LFV37HU with PID 3992 (started by lezgy in D:\JAVA\MailSender)
[DEBUG] 2019-07-19 03:33:33.624 [main] TestController - Running with Spring Boot v2.1.6.RELEASE, Spring v5.1.8.RELEASE
[INFO ] 2019-07-19 03:33:33.625 [main] TestController - No active profile set, falling back to default profiles: default
[INFO ] 2019-07-19 03:34:23.147 [main] TestController - Starting TestController on DESKTOP-LFV37HU with PID 1624 (started by lezgy in D:\JAVA\MailSender)
[DEBUG] 2019-07-19 03:34:23.148 [main] TestController - Running with Spring Boot v2.1.6.RELEASE, Spring v5.1.8.RELEASE
[INFO ] 2019-07-19 03:34:23.149 [main] TestController - No active profile set, falling back to default profiles: default
[INFO ] 2019-07-19 03:35:08.445 [main] TestController - Starting TestController on DESKTOP-LFV37HU with PID 7372 (started by lezgy in D:\JAVA\MailSender)
[DEBUG] 2019-07-19 03:35:08.446 [main] TestController - Running with Spring Boot v2.1.6.RELEASE, Spring v5.1.8.RELEASE
[INFO ] 2019-07-19 03:35:08.447 [main] TestController - No active profile set, falling back to default profiles: default
[INFO ] 2019-07-19 03:36:42.739 [main] TestController - Starting TestController on DESKTOP-LFV37HU with PID 11960 (started by lezgy in D:\JAVA\MailSender)
[DEBUG] 2019-07-19 03:36:42.739 [main] TestController - Running with Spring Boot v2.1.6.RELEASE, Spring v5.1.8.RELEASE
[INFO ] 2019-07-19 03:36:42.740 [main] TestController - No active profile set, falling back to default profiles: default
[INFO ] 2019-07-19 03:40:14.562 [main] TestController - Starting TestController on DESKTOP-LFV37HU with PID 12256 (started by lezgy in D:\JAVA\MailSender)
[DEBUG] 2019-07-19 03:40:14.562 [main] TestController - Running with Spring Boot v2.1.6.RELEASE, Spring v5.1.8.RELEASE
[INFO ] 2019-07-19 03:40:14.564 [main] TestController - No active profile set, falling back to default profiles: default
[INFO ] 2019-07-19 03:40:27.115 [main] TestController - Starting TestController on DESKTOP-LFV37HU with PID 4580 (started by lezgy in D:\JAVA\MailSender)
[DEBUG] 2019-07-19 03:40:27.115 [main] TestController - Running with Spring Boot v2.1.6.RELEASE, Spring v5.1.8.RELEASE
[INFO ] 2019-07-19 03:40:27.117 [main] TestController - No active profile set, falling back to default profiles: default
[INFO ] 2019-07-19 03:40:45.481 [main] TestController - Starting TestController on DESKTOP-LFV37HU with PID 12208 (started by lezgy in D:\JAVA\MailSender)
[DEBUG] 2019-07-19 03:40:45.481 [main] TestController - Running with Spring Boot v2.1.6.RELEASE, Spring v5.1.8.RELEASE
[INFO ] 2019-07-19 03:40:45.483 [main] TestController - No active profile set, falling back to default profiles: default
[INFO ] 2019-07-19 03:41:53.688 [main] TestController - Starting TestController on DESKTOP-LFV37HU with PID 9116 (started by lezgy in D:\JAVA\MailSender)
[DEBUG] 2019-07-19 03:41:53.688 [main] TestController - Running with Spring Boot v2.1.6.RELEASE, Spring v5.1.8.RELEASE
[INFO ] 2019-07-19 03:41:53.689 [main] TestController - No active profile set, falling back to default profiles: default
[INFO ] 2019-07-19 03:43:09.798 [main] TestController - Starting TestController on DESKTOP-LFV37HU with PID 12108 (started by lezgy in D:\JAVA\MailSender)
[DEBUG] 2019-07-19 03:43:09.798 [main] TestController - Running with Spring Boot v2.1.6.RELEASE, Spring v5.1.8.RELEASE
[INFO ] 2019-07-19 03:43:09.800 [main] TestController - No active profile set, falling back to default profiles: default
[INFO ] 2019-07-19 03:43:28.350 [main] TestController - Starting TestController on DESKTOP-LFV37HU with PID 4700 (started by lezgy in D:\JAVA\MailSender)
[DEBUG] 2019-07-19 03:43:28.350 [main] TestController - Running with Spring Boot v2.1.6.RELEASE, Spring v5.1.8.RELEASE
[INFO ] 2019-07-19 03:43:28.351 [main] TestController - No active profile set, falling back to default profiles: default
[INFO ] 2019-07-19 11:45:23.662 [main] TestController - Starting TestController on DESKTOP-LFV37HU with PID 3520 (started by lezgy in D:\JAVA\MailSender)
[DEBUG] 2019-07-19 11:45:23.662 [main] TestController - Running with Spring Boot v2.1.6.RELEASE, Spring v5.1.8.RELEASE
[INFO ] 2019-07-19 11:45:23.662 [main] TestController - No active profile set, falling back to default profiles: default
[INFO ] 2019-07-19 11:45:25.966 [main] TestController - Started TestController in 2.569 seconds (JVM running for 4.429)
[INFO ] 2019-07-19 11:46:44.856 [main] TestController - Starting TestController on DESKTOP-LFV37HU with PID 6736 (started by lezgy in D:\JAVA\MailSender)
[DEBUG] 2019-07-19 11:46:44.856 [main] TestController - Running with Spring Boot v2.1.6.RELEASE, Spring v5.1.8.RELEASE
[INFO ] 2019-07-19 11:46:44.872 [main] TestController - No active profile set, falling back to default profiles: default
[INFO ] 2019-07-19 11:46:45.562 [main] TestController - Starting TestController on DESKTOP-LFV37HU with PID 6736 (started by lezgy in D:\JAVA\MailSender)
[DEBUG] 2019-07-19 11:46:45.562 [main] TestController - Running with Spring Boot v2.1.6.RELEASE, Spring v5.1.8.RELEASE
[INFO ] 2019-07-19 11:46:45.578 [main] TestController - No active profile set, falling back to default profiles: default
[INFO ] 2019-07-19 12:07:08.969 [restartedMain] Application - Starting Application on DESKTOP-LFV37HU with PID 6940 (D:\JAVA\MailSender\target\classes started by lezgy in D:\JAVA\MailSender)
[DEBUG] 2019-07-19 12:07:08.970 [restartedMain] Application - Running with Spring Boot v2.1.6.RELEASE, Spring v5.1.8.RELEASE
[INFO ] 2019-07-19 12:07:08.970 [restartedMain] Application - No active profile set, falling back to default profiles: default
[INFO ] 2019-07-19 12:07:11.102 [restartedMain] Application - Started Application in 2.349 seconds (JVM running for 3.05)
[INFO ] 2019-07-19 12:21:12.748 [main] TestController - Starting TestController on DESKTOP-LFV37HU with PID 7100 (started by lezgy in D:\JAVA\MailSender)
[DEBUG] 2019-07-19 12:21:12.749 [main] TestController - Running with Spring Boot v2.1.6.RELEASE, Spring v5.1.8.RELEASE
[INFO ] 2019-07-19 12:21:12.749 [main] TestController - No active profile set, falling back to default profiles: default
[INFO ] 2019-07-19 12:21:15.934 [main] TestController - Started TestController in 3.42 seconds (JVM running for 4.362)
[INFO ] 2019-07-19 12:22:51.335 [main] TestController - Starting TestController on DESKTOP-LFV37HU with PID 6112 (started by lezgy in D:\JAVA\MailSender)
[DEBUG] 2019-07-19 12:22:51.335 [main] TestController - Running with Spring Boot v2.1.6.RELEASE, Spring v5.1.8.RELEASE
[INFO ] 2019-07-19 12:22:51.335 [main] TestController - No active profile set, falling back to default profiles: default
[INFO ] 2019-07-19 12:22:54.712 [main] TestController - Started TestController in 3.608 seconds (JVM running for 4.584)
[INFO ] 2019-07-19 12:55:56.058 [main] TestController - Starting TestController on DESKTOP-LFV37HU with PID 12144 (started by lezgy in D:\JAVA\MailSender)
[DEBUG] 2019-07-19 12:55:56.059 [main] TestController - Running with Spring Boot v2.1.6.RELEASE, Spring v5.1.8.RELEASE
[INFO ] 2019-07-19 12:55:56.059 [main] TestController - No active profile set, falling back to default profiles: default
[INFO ] 2019-07-19 12:55:59.559 [main] TestController - Started TestController in 3.75 seconds (JVM running for 4.767)
[INFO ] 2019-07-19 13:10:16.553 [main] TestController - Starting TestController on DESKTOP-LFV37HU with PID 8164 (started by lezgy in D:\JAVA\MailSender)
[DEBUG] 2019-07-19 13:10:16.553 [main] TestController - Running with Spring Boot v2.1.6.RELEASE, Spring v5.1.8.RELEASE
[INFO ] 2019-07-19 13:10:16.554 [main] TestController - No active profile set, falling back to default profiles: default
[INFO ] 2019-07-19 13:10:20.139 [main] TestController - Started TestController in 3.832 seconds (JVM running for 4.842)
[INFO ] 2019-07-19 13:11:50.876 [main] TestController - Starting TestController on DESKTOP-LFV37HU with PID 7308 (started by lezgy in D:\JAVA\MailSender)
[DEBUG] 2019-07-19 13:11:50.877 [main] TestController - Running with Spring Boot v2.1.6.RELEASE, Spring v5.1.8.RELEASE
[INFO ] 2019-07-19 13:11:50.877 [main] TestController - No active profile set, falling back to default profiles: default
[INFO ] 2019-07-19 13:11:54.472 [main] TestController - Started TestController in 3.841 seconds (JVM running for 4.856)
[INFO ] 2019-07-19 13:14:01.172 [main] TestController - Starting TestController on DESKTOP-LFV37HU with PID 9368 (started by lezgy in D:\JAVA\MailSender)
[DEBUG] 2019-07-19 13:14:01.173 [main] TestController - Running with Spring Boot v2.1.6.RELEASE, Spring v5.1.8.RELEASE
[INFO ] 2019-07-19 13:14:01.173 [main] TestController - No active profile set, falling back to default profiles: default
[INFO ] 2019-07-19 13:14:04.734 [main] TestController - Started TestController in 3.808 seconds (JVM running for 4.797)
[INFO ] 2019-07-19 13:14:43.521 [main] TestController - Starting TestController on DESKTOP-LFV37HU with PID 3268 (started by lezgy in D:\JAVA\MailSender)
[DEBUG] 2019-07-19 13:14:43.521 [main] TestController - Running with Spring Boot v2.1.6.RELEASE, Spring v5.1.8.RELEASE
[INFO ] 2019-07-19 13:14:43.521 [main] TestController - No active profile set, falling back to default profiles: default
[INFO ] 2019-07-19 13:14:47.138 [main] TestController - Started TestController in 3.849 seconds (JVM running for 4.873)
[INFO ] 2019-07-19 13:15:08.057 [main] TestController - Starting TestController on DESKTOP-LFV37HU with PID 8304 (started by lezgy in D:\JAVA\MailSender)
[DEBUG] 2019-07-19 13:15:08.057 [main] TestController - Running with Spring Boot v2.1.6.RELEASE, Spring v5.1.8.RELEASE
[INFO ] 2019-07-19 13:15:08.057 [main] TestController - No active profile set, falling back to default profiles: default
[INFO ] 2019-07-19 13:15:12.190 [main] TestController - Started TestController in 4.366 seconds (JVM running for 5.478)
[INFO ] 2019-07-19 13:39:58.625 [main] TestController - Starting TestController on DESKTOP-LFV37HU with PID 6088 (started by lezgy in D:\JAVA\MailSender)
[DEBUG] 2019-07-19 13:39:58.655 [main] TestController - Running with Spring Boot v2.1.6.RELEASE, Spring v5.1.8.RELEASE
[INFO ] 2019-07-19 13:39:58.656 [main] TestController - No active profile set, falling back to default profiles: default
[INFO ] 2019-07-19 13:40:04.416 [main] TestController - Started TestController in 6.224 seconds (JVM running for 7.639)
[INFO ] 2019-07-19 13:41:31.033 [main] TestController - Starting TestController on DESKTOP-LFV37HU with PID 7332 (started by lezgy in D:\JAVA\MailSender)
[DEBUG] 2019-07-19 13:41:31.033 [main] TestController - Running with Spring Boot v2.1.6.RELEASE, Spring v5.1.8.RELEASE
[INFO ] 2019-07-19 13:41:31.034 [main] TestController - No active profile set, falling back to default profiles: default
[INFO ] 2019-07-19 13:41:35.337 [main] TestController - Started TestController in 4.578 seconds (JVM running for 5.769)
[INFO ] 2019-07-19 13:43:02.788 [main] TestController - Starting TestController on DESKTOP-LFV37HU with PID 11976 (started by lezgy in D:\JAVA\MailSender)
[DEBUG] 2019-07-19 13:43:02.789 [main] TestController - Running with Spring Boot v2.1.6.RELEASE, Spring v5.1.8.RELEASE
[INFO ] 2019-07-19 13:43:02.790 [main] TestController - No active profile set, falling back to default profiles: default
[INFO ] 2019-07-19 13:43:06.701 [main] TestController - Started TestController in 4.237 seconds (JVM running for 5.285)
[INFO ] 2019-07-19 21:52:49.163 [main] TestController - Starting TestController on DESKTOP-LFV37HU with PID 1260 (started by lezgy in D:\JAVA\MailSender)
[DEBUG] 2019-07-19 21:52:49.163 [main] TestController - Running with Spring Boot v2.1.6.RELEASE, Spring v5.1.8.RELEASE
[INFO ] 2019-07-19 21:52:49.164 [main] TestController - No active profile set, falling back to default profiles: default
[INFO ] 2019-07-19 21:52:53.069 [main] TestController - Started TestController in 4.263 seconds (JVM running for 5.851)
[INFO ] 2019-07-19 21:54:11.454 [main] TestController - Starting TestController on DESKTOP-LFV37HU with PID 1016 (started by lezgy in D:\JAVA\MailSender)
[DEBUG] 2019-07-19 21:54:11.454 [main] TestController - Running with Spring Boot v2.1.6.RELEASE, Spring v5.1.8.RELEASE
[INFO ] 2019-07-19 21:54:11.455 [main] TestController - No active profile set, falling back to default profiles: default
[INFO ] 2019-07-19 21:54:15.008 [main] TestController - Started TestController in 3.829 seconds (JVM running for 4.866)
[INFO ] 2019-07-19 22:36:49.624 [main] TestController - Starting TestController on DESKTOP-LFV37HU with PID 2480 (started by lezgy in D:\JAVA\MailSender)
[DEBUG] 2019-07-19 22:36:49.624 [main] TestController - Running with Spring Boot v2.1.6.RELEASE, Spring v5.1.8.RELEASE
[INFO ] 2019-07-19 22:36:49.625 [main] TestController - No active profile set, falling back to default profiles: default
[INFO ] 2019-07-19 22:36:53.583 [main] TestController - Started TestController in 4.226 seconds (JVM running for 5.366)
[INFO ] 2019-07-19 22:37:14.226 [main] TestController - Starting TestController on DESKTOP-LFV37HU with PID 10608 (started by lezgy in D:\JAVA\MailSender)
[DEBUG] 2019-07-19 22:37:14.227 [main] TestController - Running with Spring Boot v2.1.6.RELEASE, Spring v5.1.8.RELEASE
[INFO ] 2019-07-19 22:37:14.227 [main] TestController - No active profile set, falling back to default profiles: default
[INFO ] 2019-07-19 22:37:17.677 [main] TestController - Started TestController in 3.702 seconds (JVM running for 4.728)
[INFO ] 2019-07-19 22:45:22.238 [main] DemoApplicationTests - Starting DemoApplicationTests on DESKTOP-LFV37HU with PID 12224 (started by lezgy in D:\JAVA\MailSender)
[DEBUG] 2019-07-19 22:45:22.239 [main] DemoApplicationTests - Running with Spring Boot v2.1.6.RELEASE, Spring v5.1.8.RELEASE
[INFO ] 2019-07-19 22:45:22.239 [main] DemoApplicationTests - No active profile set, falling back to default profiles: default
[INFO ] 2019-07-19 22:45:25.492 [main] DemoApplicationTests - Started DemoApplicationTests in 3.467 seconds (JVM running for 4.643)
[INFO ] 2019-07-19 22:45:25.758 [main] TestController - Starting TestController on DESKTOP-LFV37HU with PID 12224 (started by lezgy in D:\JAVA\MailSender)
[DEBUG] 2019-07-19 22:45:25.758 [main] TestController - Running with Spring Boot v2.1.6.RELEASE, Spring v5.1.8.RELEASE
[INFO ] 2019-07-19 22:45:25.759 [main] TestController - No active profile set, falling back to default profiles: default
[INFO ] 2019-07-19 22:45:26.697 [main] TestController - Started TestController in 0.957 seconds (JVM running for 5.848)
[INFO ] 2019-07-19 22:48:06.044 [main] DemoApplicationTests - Starting DemoApplicationTests on DESKTOP-LFV37HU with PID 10796 (started by lezgy in D:\JAVA\MailSender)
[DEBUG] 2019-07-19 22:48:06.044 [main] DemoApplicationTests - Running with Spring Boot v2.1.6.RELEASE, Spring v5.1.8.RELEASE
[INFO ] 2019-07-19 22:48:06.045 [main] DemoApplicationTests - No active profile set, falling back to default profiles: default
[INFO ] 2019-07-19 22:48:09.704 [main] DemoApplicationTests - Started DemoApplicationTests in 3.878 seconds (JVM running for 5.032)
[INFO ] 2019-07-19 22:48:09.997 [main] ExceptionnControllerTest - Starting ExceptionnControllerTest on DESKTOP-LFV37HU with PID 10796 (started by lezgy in D:\JAVA\MailSender)
[DEBUG] 2019-07-19 22:48:09.997 [main] ExceptionnControllerTest - Running with Spring Boot v2.1.6.RELEASE, Spring v5.1.8.RELEASE
[INFO ] 2019-07-19 22:48:09.997 [main] ExceptionnControllerTest - No active profile set, falling back to default profiles: default
[INFO ] 2019-07-19 22:48:11.130 [main] ExceptionnControllerTest - Started ExceptionnControllerTest in 1.173 seconds (JVM running for 6.457)
[INFO ] 2019-07-19 23:45:12.076 [restartedMain] Application - Starting Application on DESKTOP-LFV37HU with PID 11240 (D:\JAVA\MailSender\target\classes started by lezgy in D:\JAVA\MailSender)
[DEBUG] 2019-07-19 23:45:12.076 [restartedMain] Application - Running with Spring Boot v2.1.6.RELEASE, Spring v5.1.8.RELEASE
[INFO ] 2019-07-19 23:45:12.076 [restartedMain] Application - No active profile set, falling back to default profiles: default
[INFO ] 2019-07-19 23:45:19.699 [restartedMain] Application - Started Application in 7.862 seconds (JVM running for 8.797)
[INFO ] 2019-07-19 23:46:25.593 [restartedMain] Application - Starting Application on DESKTOP-LFV37HU with PID 11760 (D:\JAVA\MailSender\target\classes started by lezgy in D:\JAVA\MailSender)
[DEBUG] 2019-07-19 23:46:25.593 [restartedMain] Application - Running with Spring Boot v2.1.6.RELEASE, Spring v5.1.8.RELEASE
[INFO ] 2019-07-19 23:46:25.593 [restartedMain] Application - No active profile set, falling back to default profiles: default
[INFO ] 2019-07-19 23:47:04.032 [restartedMain] Application - Starting Application on DESKTOP-LFV37HU with PID 7396 (D:\JAVA\MailSender\target\classes started by lezgy in D:\JAVA\MailSender)
[DEBUG] 2019-07-19 23:47:04.033 [restartedMain] Application - Running with Spring Boot v2.1.6.RELEASE, Spring v5.1.8.RELEASE
[INFO ] 2019-07-19 23:47:04.033 [restartedMain] Application - No active profile set, falling back to default profiles: default
[INFO ] 2019-07-19 23:47:06.524 [restartedMain] Application - Started Application in 2.763 seconds (JVM running for 3.493)
[INFO ] 2019-07-19 23:52:55.657 [restartedMain] Application - Starting Application on DESKTOP-LFV37HU with PID 11404 (D:\JAVA\MailSender\target\classes started by lezgy in D:\JAVA\MailSender)
[DEBUG] 2019-07-19 23:52:55.657 [restartedMain] Application - Running with Spring Boot v2.1.6.RELEASE, Spring v5.1.8.RELEASE
[INFO ] 2019-07-19 23:52:55.657 [restartedMain] Application - No active profile set, falling back to default profiles: default
[INFO ] 2019-07-19 23:52:58.070 [restartedMain] Application - Started Application in 2.651 seconds (JVM running for 3.384)
[INFO ] 2019-07-20 00:01:45.492 [restartedMain] Application - Starting Application on DESKTOP-LFV37HU with PID 2792 (D:\JAVA\MailSender\target\classes started by lezgy in D:\JAVA\MailSender)
[DEBUG] 2019-07-20 00:01:45.492 [restartedMain] Application - Running with Spring Boot v2.1.6.RELEASE, Spring v5.1.8.RELEASE
[INFO ] 2019-07-20 00:01:45.493 [restartedMain] Application - No active profile set, falling back to default profiles: default
[INFO ] 2019-07-20 00:01:48.459 [restartedMain] Application - Started Application in 3.188 seconds (JVM running for 3.84)
[INFO ] 2019-07-20 03:52:48.951 [restartedMain] Application - Starting Application on DESKTOP-LFV37HU with PID 3528 (D:\JAVA\MailSender\target\classes started by lezgy in D:\JAVA\MailSender)
[DEBUG] 2019-07-20 03:52:48.951 [restartedMain] Application - Running with Spring Boot v2.1.6.RELEASE, Spring v5.1.8.RELEASE
[INFO ] 2019-07-20 03:52:48.951 [restartedMain] Application - No active profile set, falling back to default profiles: default
[INFO ] 2019-07-20 03:52:52.221 [restartedMain] Application - Started Application in 3.52 seconds (JVM running for 4.413)
[INFO ] 2019-07-20 13:44:40.441 [restartedMain] Application - Starting Application on DESKTOP-LFV37HU with PID 3864 (D:\JAVA\MailSender\target\classes started by lezgy in D:\JAVA\MailSender)
[DEBUG] 2019-07-20 13:44:40.441 [restartedMain] Application - Running with Spring Boot v2.1.6.RELEASE, Spring v5.1.8.RELEASE
[INFO ] 2019-07-20 13:44:40.442 [restartedMain] Application - No active profile set, falling back to default profiles: default
[INFO ] 2019-07-20 13:44:43.839 [restartedMain] Application - Started Application in 3.697 seconds (JVM running for 5.627)
[INFO ] 2019-07-20 15:04:29.124 [restartedMain] Application - Starting Application on DESKTOP-LFV37HU with PID 3864 (D:\JAVA\MailSender\target\classes started by lezgy in D:\JAVA\MailSender)
[DEBUG] 2019-07-20 15:04:29.124 [restartedMain] Application - Running with Spring Boot v2.1.6.RELEASE, Spring v5.1.8.RELEASE
[INFO ] 2019-07-20 15:04:29.124 [restartedMain] Application - No active profile set, falling back to default profiles: default
[INFO ] 2019-07-20 15:04:30.756 [restartedMain] Application - Started Application in 1.67 seconds (JVM running for 4792.545)
[INFO ] 2019-07-20 18:09:52.625 [restartedMain] Application - Starting Application on DESKTOP-LFV37HU with PID 8224 (D:\JAVA\MailSender\target\classes started by lezgy in D:\JAVA\MailSender)
[DEBUG] 2019-07-20 18:09:52.626 [restartedMain] Application - Running with Spring Boot v2.1.6.RELEASE, Spring v5.1.8.RELEASE
[INFO ] 2019-07-20 18:09:52.626 [restartedMain] Application - No active profile set, falling back to default profiles: default
[INFO ] 2019-07-20 18:09:56.304 [restartedMain] Application - Started Application in 3.909 seconds (JVM running for 4.693)
[INFO ] 2019-07-20 18:37:48.885 [main] Application - Starting Application v0.0.1-SNAPSHOT on DESKTOP-LFV37HU with PID 10068 (D:\JAVA\MailSender\target\demo-0.0.1-SNAPSHOT.jar started by lezgy in D:\JAVA\MailSender)
[DEBUG] 2019-07-20 18:37:48.900 [main] Application - Running with Spring Boot v2.1.6.RELEASE, Spring v5.1.8.RELEASE
[INFO ] 2019-07-20 18:37:48.900 [main] Application - No active profile set, falling back to default profiles: default
[INFO ] 2019-07-20 18:37:52.878 [main] Application - Started Application in 4.272 seconds (JVM running for 4.933)
[INFO ] 2019-07-20 18:58:51.041 [main] Application - Starting Application v0.0.1-SNAPSHOT on DESKTOP-LFV37HU with PID 3132 (D:\JAVA\MailSender\target\demo-0.0.1-SNAPSHOT.jar started by lezgy in D:\JAVA\MailSender)
[DEBUG] 2019-07-20 18:58:51.041 [main] Application - Running with Spring Boot v2.1.6.RELEASE, Spring v5.1.8.RELEASE
[INFO ] 2019-07-20 18:58:51.042 [main] Application - No active profile set, falling back to default profiles: default
[INFO ] 2019-07-20 18:58:55.121 [main] Application - Started Application in 4.376 seconds (JVM running for 5.031)
[INFO ] 2019-07-21 00:40:49.694 [restartedMain] Application - Starting Application on DESKTOP-LFV37HU with PID 12112 (D:\JAVA\MailSender\target\classes started by lezgy in D:\JAVA\MailSender)
[DEBUG] 2019-07-21 00:40:49.694 [restartedMain] Application - Running with Spring Boot v2.1.6.RELEASE, Spring v5.1.8.RELEASE
[INFO ] 2019-07-21 00:40:49.694 [restartedMain] Application - No active profile set, falling back to default profiles: default
[INFO ] 2019-07-21 00:40:54.064 [restartedMain] Application - Started Application in 4.605 seconds (JVM running for 6.195)
[INFO ] 2019-07-21 02:46:21.542 [restartedMain] Application - Starting Application on DESKTOP-LFV37HU with PID 11336 (D:\JAVA\MailSender\target\classes started by lezgy in D:\JAVA\MailSender)
[DEBUG] 2019-07-21 02:46:21.542 [restartedMain] Application - Running with Spring Boot v2.1.6.RELEASE, Spring v5.1.8.RELEASE
[INFO ] 2019-07-21 02:46:21.543 [restartedMain] Application - No active profile set, falling back to default profiles: default
[INFO ] 2019-07-21 02:46:25.168 [restartedMain] Application - Started Application in 3.848 seconds (JVM running for 4.524)
[INFO ] 2019-07-22 00:25:48.095 [main] Application - Starting Application v0.0.1-SNAPSHOT on DESKTOP-LFV37HU with PID 13584 (D:\JAVA\MailSender\target\app.jar started by lezgy in D:\JAVA\MailSender)
[DEBUG] 2019-07-22 00:25:48.095 [main] Application - Running with Spring Boot v2.1.6.RELEASE, Spring v5.1.8.RELEASE
[INFO ] 2019-07-22 00:25:48.096 [main] Application - No active profile set, falling back to default profiles: default
[INFO ] 2019-07-22 00:25:52.930 [main] Application - Started Application in 5.145 seconds (JVM running for 5.815)
[INFO ] 2019-07-22 00:39:20.669 [main] Application - Starting Application v0.0.1-SNAPSHOT on DESKTOP-LFV37HU with PID 10700 (D:\JAVA\MailSender\target\app.jar started by lezgy in D:\JAVA\MailSender)
[DEBUG] 2019-07-22 00:39:20.669 [main] Application - Running with Spring Boot v2.1.6.RELEASE, Spring v5.1.8.RELEASE
[INFO ] 2019-07-22 00:39:20.670 [main] Application - No active profile set, falling back to default profiles: default
[INFO ] 2019-07-22 00:39:25.617 [main] Application - Started Application in 5.248 seconds (JVM running for 5.922)
[INFO ] 2019-07-22 00:49:27.219 [main] Application - Starting Application v0.0.1-SNAPSHOT on DESKTOP-LFV37HU with PID 2880 (D:\JAVA\MailSender\target\app.jar started by lezgy in D:\JAVA\MailSender)
[DEBUG] 2019-07-22 00:49:27.219 [main] Application - Running with Spring Boot v2.1.6.RELEASE, Spring v5.1.8.RELEASE
[INFO ] 2019-07-22 00:49:27.220 [main] Application - No active profile set, falling back to default profiles: default
[INFO ] 2019-07-22 00:49:32.426 [main] Application - Started Application in 5.517 seconds (JVM running for 6.194)
[INFO ] 2019-07-22 01:24:01.527 [main] Application - Starting Application v0.0.1-SNAPSHOT on DESKTOP-LFV37HU with PID 14876 (D:\JAVA\MailSender\target\app.jar started by lezgy in D:\JAVA\MailSender)
[DEBUG] 2019-07-22 01:24:01.527 [main] Application - Running with Spring Boot v2.1.6.RELEASE, Spring v5.1.8.RELEASE
[INFO ] 2019-07-22 01:24:01.528 [main] Application - No active profile set, falling back to default profiles: default
[INFO ] 2019-07-22 01:25:21.908 [main] Application - Starting Application v0.0.1-SNAPSHOT on DESKTOP-LFV37HU with PID 13808 (D:\JAVA\MailSender\target\app.jar started by lezgy in D:\JAVA\MailSender)
[DEBUG] 2019-07-22 01:25:21.909 [main] Application - Running with Spring Boot v2.1.6.RELEASE, Spring v5.1.8.RELEASE
[INFO ] 2019-07-22 01:25:21.909 [main] Application - No active profile set, falling back to default profiles: default
[INFO ] 2019-07-22 01:27:24.296 [main] Application - Starting Application v0.0.1-SNAPSHOT on DESKTOP-LFV37HU with PID 11588 (D:\JAVA\MailSender\target\app.jar started by lezgy in D:\JAVA\MailSender)
[DEBUG] 2019-07-22 01:27:24.296 [main] Application - Running with Spring Boot v2.1.6.RELEASE, Spring v5.1.8.RELEASE
[INFO ] 2019-07-22 01:27:24.297 [main] Application - No active profile set, falling back to default profiles: default
[INFO ] 2019-07-22 01:27:36.644 [restartedMain] Application - Starting Application on DESKTOP-LFV37HU with PID 5276 (D:\JAVA\MailSender\target\classes started by lezgy in D:\JAVA\MailSender)
[DEBUG] 2019-07-22 01:27:36.644 [restartedMain] Application - Running with Spring Boot v2.1.6.RELEASE, Spring v5.1.8.RELEASE
[INFO ] 2019-07-22 01:27:36.645 [restartedMain] Application - No active profile set, falling back to default profiles: default
[INFO ] 2019-07-22 01:28:47.556 [restartedMain] Application - Starting Application on DESKTOP-LFV37HU with PID 15744 (D:\JAVA\MailSender\target\classes started by lezgy in D:\JAVA\MailSender)
[DEBUG] 2019-07-22 01:28:47.557 [restartedMain] Application - Running with Spring Boot v2.1.6.RELEASE, Spring v5.1.8.RELEASE
[INFO ] 2019-07-22 01:28:47.557 [restartedMain] Application - No active profile set, falling back to default profiles: default
[INFO ] 2019-07-22 01:29:27.857 [restartedMain] Application - Starting Application on DESKTOP-LFV37HU with PID 13892 (D:\JAVA\MailSender\target\classes started by lezgy in D:\JAVA\MailSender)
[DEBUG] 2019-07-22 01:29:27.858 [restartedMain] Application - Running with Spring Boot v2.1.6.RELEASE, Spring v5.1.8.RELEASE
[INFO ] 2019-07-22 01:29:27.858 [restartedMain] Application - No active profile set, falling back to default profiles: default
[INFO ] 2019-07-22 01:30:09.732 [restartedMain] Application - Starting Application on DESKTOP-LFV37HU with PID 10244 (D:\JAVA\MailSender\target\classes started by lezgy in D:\JAVA\MailSender)
[DEBUG] 2019-07-22 01:30:09.733 [restartedMain] Application - Running with Spring Boot v2.1.6.RELEASE, Spring v5.1.8.RELEASE
[INFO ] 2019-07-22 01:30:09.733 [restartedMain] Application - No active profile set, falling back to default profiles: default
[INFO ] 2019-07-22 01:31:14.045 [restartedMain] Application - Starting Application on DESKTOP-LFV37HU with PID 12116 (D:\JAVA\MailSender\target\classes started by lezgy in D:\JAVA\MailSender)
[DEBUG] 2019-07-22 01:31:14.046 [restartedMain] Application - Running with Spring Boot v2.1.6.RELEASE, Spring v5.1.8.RELEASE
[INFO ] 2019-07-22 01:31:14.047 [restartedMain] Application - No active profile set, falling back to default profiles: default
[INFO ] 2019-07-22 01:31:17.686 [restartedMain] Application - Started Application in 3.866 seconds (JVM running for 4.551)
[INFO ] 2019-07-22 01:36:03.779 [main] Application - Starting Application v0.0.1-SNAPSHOT on DESKTOP-LFV37HU with PID 10204 (D:\JAVA\MailSender\target\app.jar started by lezgy in D:\JAVA\MailSender)
[DEBUG] 2019-07-22 01:36:03.779 [main] Application - Running with Spring Boot v2.1.6.RELEASE, Spring v5.1.8.RELEASE
[INFO ] 2019-07-22 01:36:03.780 [main] Application - No active profile set, falling back to default profiles: default
[INFO ] 2019-07-22 01:36:08.890 [main] Application - Started Application in 5.422 seconds (JVM running for 6.093)
[INFO ] 2019-07-22 01:39:15.889 [main] Application - Starting Application v0.0.1-SNAPSHOT on DESKTOP-LFV37HU with PID 4716 (D:\JAVA\MailSender\target\app.jar started by lezgy in D:\JAVA\MailSender)
[DEBUG] 2019-07-22 01:39:15.890 [main] Application - Running with Spring Boot v2.1.6.RELEASE, Spring v5.1.8.RELEASE
[INFO ] 2019-07-22 01:39:15.890 [main] Application - No active profile set, falling back to default profiles: default
[INFO ] 2019-07-22 01:39:20.699 [main] Application - Started Application in 5.11 seconds (JVM running for 5.776)
[INFO ] 2019-07-22 01:45:52.364 [restartedMain] Application - Starting Application on DESKTOP-LFV37HU with PID 7632 (D:\JAVA\MailSender\target\classes started by lezgy in D:\JAVA\MailSender)
[DEBUG] 2019-07-22 01:45:52.364 [restartedMain] Application - Running with Spring Boot v2.1.6.RELEASE, Spring v5.1.8.RELEASE
[INFO ] 2019-07-22 01:45:52.365 [restartedMain] Application - No active profile set, falling back to default profiles: default
[INFO ] 2019-07-22 01:46:07.937 [restartedMain] Application - Starting Application on DESKTOP-LFV37HU with PID 11672 (D:\JAVA\MailSender\target\classes started by lezgy in D:\JAVA\MailSender)
[DEBUG] 2019-07-22 01:46:07.938 [restartedMain] Application - Running with Spring Boot v2.1.6.RELEASE, Spring v5.1.8.RELEASE
[INFO ] 2019-07-22 01:46:07.938 [restartedMain] Application - No active profile set, falling back to default profiles: default
[INFO ] 2019-07-22 01:46:21.390 [restartedMain] Application - Starting Application on DESKTOP-LFV37HU with PID 13644 (D:\JAVA\MailSender\target\classes started by lezgy in D:\JAVA\MailSender)
[DEBUG] 2019-07-22 01:46:21.390 [restartedMain] Application - Running with Spring Boot v2.1.6.RELEASE, Spring v5.1.8.RELEASE
[INFO ] 2019-07-22 01:46:21.391 [restartedMain] Application - No active profile set, falling back to default profiles: default
[INFO ] 2019-07-22 01:46:34.176 [restartedMain] Application - Starting Application on DESKTOP-LFV37HU with PID 1660 (D:\JAVA\MailSender\target\classes started by lezgy in D:\JAVA\MailSender)
[DEBUG] 2019-07-22 01:46:34.176 [restartedMain] Application - Running with Spring Boot v2.1.6.RELEASE, Spring v5.1.8.RELEASE
[INFO ] 2019-07-22 01:46:34.177 [restartedMain] Application - No active profile set, falling back to default profiles: default
[INFO ] 2019-07-22 01:46:37.801 [restartedMain] Application - Started Application in 3.88 seconds (JVM running for 4.568)
[INFO ] 2019-07-22 01:47:00.890 [restartedMain] Application - Starting Application on DESKTOP-LFV37HU with PID 1272 (D:\JAVA\MailSender\target\classes started by lezgy in D:\JAVA\MailSender)
[DEBUG] 2019-07-22 01:47:00.891 [restartedMain] Application - Running with Spring Boot v2.1.6.RELEASE, Spring v5.1.8.RELEASE
[INFO ] 2019-07-22 01:47:00.891 [restartedMain] Application - No active profile set, falling back to default profiles: default
[INFO ] 2019-07-22 01:47:18.486 [restartedMain] Application - Starting Application on DESKTOP-LFV37HU with PID 13784 (D:\JAVA\MailSender\target\classes started by lezgy in D:\JAVA\MailSender)
[DEBUG] 2019-07-22 01:47:18.487 [restartedMain] Application - Running with Spring Boot v2.1.6.RELEASE, Spring v5.1.8.RELEASE
[INFO ] 2019-07-22 01:47:18.488 [restartedMain] Application - No active profile set, falling back to default profiles: default
[INFO ] 2019-07-22 01:53:41.724 [main] Application - Starting Application v0.0.1-SNAPSHOT on DESKTOP-LFV37HU with PID 16344 (D:\JAVA\MailSender\target\app.jar started by lezgy in D:\JAVA\MailSender)
[DEBUG] 2019-07-22 01:53:41.724 [main] Application - Running with Spring Boot v2.1.6.RELEASE, Spring v5.1.8.RELEASE
[INFO ] 2019-07-22 01:53:41.725 [main] Application - No active profile set, falling back to default profiles: default
[INFO ] 2019-07-22 01:53:46.566 [main] Application - Started Application in 5.149 seconds (JVM running for 5.826)
[INFO ] 2019-07-22 02:02:31.112 [restartedMain] Application - Starting Application on DESKTOP-LFV37HU with PID 6828 (D:\JAVA\MailSender\target\classes started by lezgy in D:\JAVA\MailSender)
[DEBUG] 2019-07-22 02:02:31.112 [restartedMain] Application - Running with Spring Boot v2.1.6.RELEASE, Spring v5.1.8.RELEASE
[INFO ] 2019-07-22 02:02:31.113 [restartedMain] Application - No active profile set, falling back to default profiles: default
[INFO ] 2019-07-22 02:02:34.812 [restartedMain] Application - Started Application in 3.946 seconds (JVM running for 4.632)
[INFO ] 2019-07-22 02:03:17.345 [restartedMain] Application - Starting Application on DESKTOP-LFV37HU with PID 11272 (D:\JAVA\MailSender\target\classes started by lezgy in D:\JAVA\MailSender)
[DEBUG] 2019-07-22 02:03:17.345 [restartedMain] Application - Running with Spring Boot v2.1.6.RELEASE, Spring v5.1.8.RELEASE
[INFO ] 2019-07-22 02:03:17.346 [restartedMain] Application - No active profile set, falling back to default profiles: default
[INFO ] 2019-07-22 02:03:20.564 [restartedMain] Application - Started Application in 3.454 seconds (JVM running for 4.177)
